<?xml version="1.0" encoding="UTF-8"?>
<!-- Generated by org.testng.reporters.JUnitReportReporter -->
<testsuite skipped="0" hostname="WV137" name="Ticket164308.Ticket164308.staticwebdriver" tests="1" failures="0" timestamp="12 Sep 2018 18:01:52 GMT" time="38.402" errors="0">
  <testcase name="action" time="38.402" classname="Ticket164308.Ticket164308.staticwebdriver"/>
</testsuite> <!-- Ticket164308.Ticket164308.staticwebdriver -->
