<?xml version="1.0" encoding="UTF-8"?>
<!-- Generated by org.testng.reporters.JUnitReportReporter -->
<testsuite skipped="4" hostname="WV137" name="BaseTest.emailserverpages" tests="5" failures="0" timestamp="11 Sep 2018 15:22:48 GMT" time="15.517" errors="1">
  <testcase name="systemssettingconfig" time="15.516" classname="BaseTest.emailserverpages">
    <error type="java.lang.NullPointerException">
      <![CDATA[java.lang.NullPointerException
at BaseTest.emailserverpages.systemssettingconfig(emailserverpages.java:47)
at sun.reflect.NativeMethodAccessorImpl.invoke0(Native Method)
at sun.reflect.NativeMethodAccessorImpl.invoke(NativeMethodAccessorImpl.java:62)
at sun.reflect.DelegatingMethodAccessorImpl.invoke(DelegatingMethodAccessorImpl.java:43)
at java.lang.reflect.Method.invoke(Method.java:498)
at org.testng.internal.MethodInvocationHelper.invokeMethod(MethodInvocationHelper.java:124)
at org.testng.internal.Invoker.invokeMethod(Invoker.java:583)
at org.testng.internal.Invoker.invokeTestMethod(Invoker.java:719)
at org.testng.internal.Invoker.invokeTestMethods(Invoker.java:989)
at org.testng.internal.TestMethodWorker.invokeTestMethods(TestMethodWorker.java:125)
at org.testng.internal.TestMethodWorker.run(TestMethodWorker.java:109)
at org.testng.TestRunner.privateRun(TestRunner.java:648)
at org.testng.TestRunner.run(TestRunner.java:505)
at org.testng.SuiteRunner.runTest(SuiteRunner.java:455)
at org.testng.SuiteRunner.runSequentially(SuiteRunner.java:450)
at org.testng.SuiteRunner.privateRun(SuiteRunner.java:415)
at org.testng.SuiteRunner.run(SuiteRunner.java:364)
at org.testng.SuiteRunnerWorker.runSuite(SuiteRunnerWorker.java:52)
at org.testng.SuiteRunnerWorker.run(SuiteRunnerWorker.java:84)
at org.testng.TestNG.runSuitesSequentially(TestNG.java:1208)
at org.testng.TestNG.runSuitesLocally(TestNG.java:1137)
at org.testng.TestNG.runSuites(TestNG.java:1049)
at org.testng.TestNG.run(TestNG.java:1017)
at org.testng.remote.AbstractRemoteTestNG.run(AbstractRemoteTestNG.java:114)
at org.testng.remote.RemoteTestNG.initAndRun(RemoteTestNG.java:251)
at org.testng.remote.RemoteTestNG.main(RemoteTestNG.java:77)
]]>
    </error>
  </testcase> <!-- systemssettingconfig -->
  <testcase name="Invoiceemails" time="0.000" classname="BaseTest.emailserverpages">
    <skipped/>
  </testcase> <!-- Invoiceemails -->
  <testcase name="OnlineAccount" time="0.000" classname="BaseTest.emailserverpages">
    <skipped/>
  </testcase> <!-- OnlineAccount -->
  <testcase name="latenotice" time="0.000" classname="BaseTest.emailserverpages">
    <skipped/>
  </testcase> <!-- latenotice -->
  <testcase name="Correspondence" time="0.001" classname="BaseTest.emailserverpages">
    <skipped/>
  </testcase> <!-- Correspondence -->
</testsuite> <!-- BaseTest.emailserverpages -->
