<?xml version="1.0" encoding="UTF-8"?>
<!-- Generated by org.testng.reporters.JUnitReportReporter -->
<testsuite skipped="0" hostname="WV137" name="BaseTest.NewTest" tests="1" failures="0" timestamp="27 Aug 2018 21:58:15 GMT" time="0.016" errors="0">
  <testcase name="f" time="0.016" classname="BaseTest.NewTest"/>
</testsuite> <!-- BaseTest.NewTest -->
